# JRE version: OpenJDK Runtime Environment (23.0.1+11) (build 23.0.1+11-39)
# Java VM: OpenJDK 64-Bit Server VM (23.0.1+11-39, mixed mode, sharing, tiered, compressed oops, compressed class ptrs, g1 gc, bsd-aarch64)
Heap:
 garbage-first heap   total reserved 4194304K, committed 264192K, used 55856K [0x0000000700000000, 0x0000000800000000)
  region size 2048K, 17 young (34816K), 1 survivors (2048K)
 Metaspace       used 7262K, committed 7488K, reserved 1114112K
  class space    used 788K, committed 896K, reserved 1048576K
GC Heap History (20 events):
Event: 9942.237 GC heap before
{Heap before GC invocations=14 (full 0):
 garbage-first heap   total reserved 4194304K, committed 264192K, used 176506K [0x0000000700000000, 0x0000000800000000)
  region size 2048K, 76 young (155648K), 1 survivors (2048K)
 Metaspace       used 7199K, committed 7424K, reserved 1114112K
  class space    used 787K, committed 896K, reserved 1048576K
}
Event: 9942.241 GC heap after
{Heap after GC invocations=15 (full 0):
 garbage-first heap   total reserved 4194304K, committed 264192K, used 23031K [0x0000000700000000, 0x0000000800000000)
  region size 2048K, 1 young (2048K), 1 survivors (2048K)
 Metaspace       used 7199K, committed 7424K, reserved 1114112K
  class space    used 787K, committed 896K, reserved 1048576K
}
Event: 10812.778 GC heap before
{Heap before GC invocations=15 (full 0):
 garbage-first heap   total reserved 4194304K, committed 264192K, used 176631K [0x0000000700000000, 0x0000000800000000)
  region size 2048K, 76 young (155648K), 1 survivors (2048K)
 Metaspace       used 7199K, committed 7424K, reserved 1114112K
  class space    used 787K, committed 896K, reserved 1048576K
}
Event: 10812.783 GC heap after
{Heap after GC invocations=16 (full 0):
 garbage-first heap   total reserved 4194304K, committed 264192K, used 23146K [0x0000000700000000, 0x0000000800000000)
  region size 2048K, 1 young (2048K), 1 survivors (2048K)
 Metaspace       used 7199K, committed 7424K, reserved 1114112K
  class space    used 787K, committed 896K, reserved 1048576K
}
Event: 11690.444 GC heap before
{Heap before GC invocations=16 (full 0):
 garbage-first heap   total reserved 4194304K, committed 264192K, used 176746K [0x0000000700000000, 0x0000000800000000)
  region size 2048K, 76 young (155648K), 1 survivors (2048K)
 Metaspace       used 7199K, committed 7424K, reserved 1114112K
  class space    used 787K, committed 896K, reserved 1048576K
}
Event: 11690.446 GC heap after
{Heap after GC invocations=17 (full 0):
 garbage-first heap   total reserved 4194304K, committed 264192K, used 23092K [0x0000000700000000, 0x0000000800000000)
  region size 2048K, 1 young (2048K), 1 survivors (2048K)
 Metaspace       used 7199K, committed 7424K, reserved 1114112K
  class space    used 787K, committed 896K, reserved 1048576K
}
Event: 12282.272 GC heap before
{Heap before GC invocations=17 (full 0):
 garbage-first heap   total reserved 4194304K, committed 264192K, used 207412K [0x0000000700000000, 0x0000000800000000)
  region size 2048K, 76 young (155648K), 1 survivors (2048K)
 Metaspace       used 7259K, committed 7488K, reserved 1114112K
  class space    used 788K, committed 896K, reserved 1048576K
}
Event: 12282.275 GC heap after
{Heap after GC invocations=18 (full 0):
 garbage-first heap   total reserved 4194304K, committed 264192K, used 53806K [0x0000000700000000, 0x0000000800000000)
  region size 2048K, 1 young (2048K), 1 survivors (2048K)
 Metaspace       used 7259K, committed 7488K, reserved 1114112K
  class space    used 788K, committed 896K, reserved 1048576K
}
Event: 12862.294 GC heap before
{Heap before GC invocations=18 (full 0):
 garbage-first heap   total reserved 4194304K, committed 264192K, used 207406K [0x0000000700000000, 0x0000000800000000)
  region size 2048K, 76 young (155648K), 1 survivors (2048K)
 Metaspace       used 7259K, committed 7488K, reserved 1114112K
  class space    used 788K, committed 896K, reserved 1048576K
}
Event: 12862.297 GC heap after
{Heap after GC invocations=19 (full 0):
 garbage-first heap   total reserved 4194304K, committed 264192K, used 23084K [0x0000000700000000, 0x0000000800000000)
  region size 2048K, 1 young (2048K), 1 survivors (2048K)
 Metaspace       used 7259K, committed 7488K, reserved 1114112K
  class space    used 788K, committed 896K, reserved 1048576K
}
Event: 13445.503 GC heap before
{Heap before GC invocations=19 (full 0):
 garbage-first heap   total reserved 4194304K, committed 264192K, used 176684K [0x0000000700000000, 0x0000000800000000)
  region size 2048K, 76 young (155648K), 1 survivors (2048K)
 Metaspace       used 7259K, committed 7488K, reserved 1114112K
  class space    used 788K, committed 896K, reserved 1048576K
}
Event: 13445.507 GC heap after
{Heap after GC invocations=20 (full 0):
 garbage-first heap   total reserved 4194304K, committed 264192K, used 23086K [0x0000000700000000, 0x0000000800000000)
  region size 2048K, 1 young (2048K), 1 survivors (2048K)
 Metaspace       used 7259K, committed 7488K, reserved 1114112K
  class space    used 788K, committed 896K, reserved 1048576K
}
Event: 14008.562 GC heap before
{Heap before GC invocations=20 (full 0):
 garbage-first heap   total reserved 4194304K, committed 264192K, used 176686K [0x0000000700000000, 0x0000000800000000)
  region size 2048K, 76 young (155648K), 1 survivors (2048K)
 Metaspace       used 7259K, committed 7488K, reserved 1114112K
  class space    used 788K, committed 896K, reserved 1048576K
}
Event: 14008.565 GC heap after
{Heap after GC invocations=21 (full 0):
 garbage-first heap   total reserved 4194304K, committed 264192K, used 23090K [0x0000000700000000, 0x0000000800000000)
  region size 2048K, 1 young (2048K), 1 survivors (2048K)
 Metaspace       used 7259K, committed 7488K, reserved 1114112K
  class space    used 788K, committed 896K, reserved 1048576K
}
Event: 14594.991 GC heap before
{Heap before GC invocations=21 (full 0):
 garbage-first heap   total reserved 4194304K, committed 264192K, used 176690K [0x0000000700000000, 0x0000000800000000)
  region size 2048K, 76 young (155648K), 1 survivors (2048K)
 Metaspace       used 7259K, committed 7488K, reserved 1114112K
  class space    used 788K, committed 896K, reserved 1048576K
}
Event: 14594.992 GC heap after
{Heap after GC invocations=22 (full 0):
 garbage-first heap   total reserved 4194304K, committed 264192K, used 23086K [0x0000000700000000, 0x0000000800000000)
  region size 2048K, 1 young (2048K), 1 survivors (2048K)
 Metaspace       used 7259K, committed 7488K, reserved 1114112K
  class space    used 788K, committed 896K, reserved 1048576K
}
Event: 15183.284 GC heap before
{Heap before GC invocations=22 (full 0):
 garbage-first heap   total reserved 4194304K, committed 264192K, used 176686K [0x0000000700000000, 0x0000000800000000)
  region size 2048K, 76 young (155648K), 1 survivors (2048K)
 Metaspace       used 7259K, committed 7488K, reserved 1114112K
  class space    used 788K, committed 896K, reserved 1048576K
}
Event: 15183.285 GC heap after
{Heap after GC invocations=23 (full 0):
 garbage-first heap   total reserved 4194304K, committed 264192K, used 23092K [0x0000000700000000, 0x0000000800000000)
  region size 2048K, 1 young (2048K), 1 survivors (2048K)
 Metaspace       used 7259K, committed 7488K, reserved 1114112K
  class space    used 788K, committed 896K, reserved 1048576K
}
Event: 15795.463 GC heap before
{Heap before GC invocations=23 (full 0):
 garbage-first heap   total reserved 4194304K, committed 264192K, used 176692K [0x0000000700000000, 0x0000000800000000)
  region size 2048K, 76 young (155648K), 1 survivors (2048K)
 Metaspace       used 7262K, committed 7488K, reserved 1114112K
  class space    used 788K, committed 896K, reserved 1048576K
}
Event: 15795.465 GC heap after
{Heap after GC invocations=24 (full 0):
 garbage-first heap   total reserved 4194304K, committed 264192K, used 23088K [0x0000000700000000, 0x0000000800000000)
  region size 2048K, 1 young (2048K), 1 survivors (2048K)
 Metaspace       used 7262K, committed 7488K, reserved 1114112K
  class space    used 788K, committed 896K, reserved 1048576K
}

